[18:21:45] [main/WARN] (FabricLoader/Knot) Class path entries reference missing files: /home/justnoone/IdeaProjects/JMEM/build/resources/client - the game may not load properly!
[18:21:45] [main/INFO] (FabricLoader/GameProvider) Loading Minecraft 1.20.1 with Fabric Loader 0.18.4
[18:21:45] [main/INFO] (FabricLoader) Loading 61 mods:
	- fabric-api 0.92.7+1.20.1
	- fabric-api-base 0.4.32+1802ada577
	- fabric-api-lookup-api-v1 1.6.37+1802ada577
	- fabric-biome-api-v1 13.0.15+93aa238b77
	- fabric-block-api-v1 1.0.12+1802ada577
	- fabric-block-view-api-v2 1.0.3+924f046a77
	- fabric-blockrenderlayer-v1 1.1.42+1802ada577
	- fabric-client-tags-api-v1 1.1.3+1802ada577
	- fabric-command-api-v1 1.2.35+f71b366f77
	- fabric-command-api-v2 2.2.14+1802ada577
	- fabric-commands-v0 0.2.52+df3654b377
	- fabric-containers-v0 0.1.67+df3654b377
	- fabric-content-registries-v0 4.0.13+1802ada577
	- fabric-convention-tags-v1 1.5.6+1802ada577
	- fabric-crash-report-info-v1 0.2.20+1802ada577
	- fabric-data-attachment-api-v1 1.0.2+de0fd6d177
	- fabric-data-generation-api-v1 12.3.7+1802ada577
	- fabric-dimensions-v1 2.1.55+1802ada577
	- fabric-entity-events-v1 1.6.1+1c78457f77
	- fabric-events-interaction-v0 0.6.5+13a40c6677
	- fabric-events-lifecycle-v0 0.2.64+df3654b377
	- fabric-game-rule-api-v1 1.0.41+1802ada577
	- fabric-gametest-api-v1 1.2.15+1802ada577
	- fabric-item-api-v1 2.1.29+1802ada577
	- fabric-item-group-api-v1 4.0.14+1802ada577
	- fabric-key-binding-api-v1 1.0.38+1802ada577
	- fabric-keybindings-v0 0.2.36+df3654b377
	- fabric-lifecycle-events-v1 2.2.23+1802ada577
	- fabric-loot-api-v2 1.2.3+1802ada577
	- fabric-loot-tables-v1 1.1.47+9e7660c677
	- fabric-message-api-v1 5.1.10+1802ada577
	- fabric-mining-level-api-v1 2.1.52+1802ada577
	- fabric-model-loading-api-v1 1.0.4+1802ada577
	- fabric-models-v0 0.4.3+9386d8a777
	- fabric-networking-api-v1 1.3.14+a158aa0477
	- fabric-networking-v0 0.3.54+df3654b377
	- fabric-object-builder-api-v1 11.1.5+e35120df77
	- fabric-particles-v1 1.1.3+1802ada577
	- fabric-recipe-api-v1 1.0.24+1802ada577
	- fabric-registry-sync-v0 2.3.6+1802ada577
	- fabric-renderer-api-v1 3.2.2+1802ada577
	- fabric-renderer-indigo 1.5.3+85287f9f77
	- fabric-renderer-registries-v1 3.2.47+df3654b377
	- fabric-rendering-data-attachment-v1 0.3.39+92a0d36777
	- fabric-rendering-fluids-v1 3.0.29+1802ada577
	- fabric-rendering-v0 1.1.50+df3654b377
	- fabric-rendering-v1 3.0.9+1802ada577
	- fabric-resource-conditions-api-v1 2.3.9+1802ada577
	- fabric-resource-loader-v0 0.11.12+fb82e9d777
	- fabric-screen-api-v1 2.0.9+1802ada577
	- fabric-screen-handler-api-v1 1.3.33+1802ada577
	- fabric-sound-api-v1 1.0.14+1802ada577
	- fabric-transfer-api-v1 3.3.6+8dd72ea377
	- fabric-transitive-access-wideners-v1 4.3.2+1802ada577
	- fabricloader 0.18.4
	- java 21
	- jme 1.0-SNAPSHOT
	- minecraft 1.20.1
	- mixinextras 0.5.0
	- modmenu 7.2.2
	- mtr 4.0.3
[18:21:48] [main/INFO] (FabricLoader/Mixin) SpongePowered MIXIN Subsystem Version=0.8.7 Source=file:/home/justnoone/.gradle/caches/modules-2/files-2.1/net.fabricmc/sponge-mixin/0.17.0+mixin.0.8.7/cf31463202f72d03b0ef1e1e38e8ee71b7faaab6/sponge-mixin-0.17.0+mixin.0.8.7.jar Service=Knot/Fabric Env=CLIENT
[18:21:48] [main/INFO] (FabricLoader/Mixin) Loaded Fabric development mappings for mixin remapper!
[18:21:48] [main/INFO] (FabricLoader/Mixin) Compatibility level set to JAVA_16
[18:21:48] [main/INFO] (FabricLoader/Mixin) Compatibility level set to JAVA_17
[18:21:49] [main/INFO] (FabricLoader/MixinExtras|Service) Initializing MixinExtras via com.llamalad7.mixinextras.service.MixinExtrasServiceImpl(version=0.5.0).
[18:21:53] [Datafixer Bootstrap/INFO] (Minecraft) 188 Datafixer optimizations took 100 milliseconds
[18:21:55] [Render thread/INFO] (Minecraft) Environment: authHost='https://authserver.mojang.com', accountsHost='https://api.mojang.com', sessionHost='https://sessionserver.mojang.com', servicesHost='https://api.minecraftservices.com', name='PROD'
[18:21:56] [Render thread/ERROR] (Minecraft) Failed to verify authentication
com.mojang.authlib.exceptions.InvalidCredentialsException: Status: 401
	at com.mojang.authlib.exceptions.MinecraftClientHttpException.toAuthenticationException(MinecraftClientHttpException.java:56) ~[authlib-4.0.43.jar:?]
	at com.mojang.authlib.yggdrasil.YggdrasilUserApiService.fetchProperties(YggdrasilUserApiService.java:156) ~[authlib-4.0.43.jar:?]
	at com.mojang.authlib.yggdrasil.YggdrasilUserApiService.<init>(YggdrasilUserApiService.java:55) ~[authlib-4.0.43.jar:?]
	at com.mojang.authlib.yggdrasil.YggdrasilAuthenticationService.createUserApiService(YggdrasilAuthenticationService.java:124) ~[authlib-4.0.43.jar:?]
	at net.minecraft.client.MinecraftClient.createUserApiService(MinecraftClient.java:733) ~[minecraft-clientOnly-71efecb94b-1.20.1-net.fabricmc.yarn.1_20_1.1.20.1+build.10-v2.jar:?]
	at net.minecraft.client.MinecraftClient.<init>(MinecraftClient.java:442) ~[minecraft-clientOnly-71efecb94b-1.20.1-net.fabricmc.yarn.1_20_1.1.20.1+build.10-v2.jar:?]
	at net.minecraft.client.main.Main.main(Main.java:211) ~[minecraft-clientOnly-71efecb94b-1.20.1-net.fabricmc.yarn.1_20_1.1.20.1+build.10-v2.jar:?]
	at net.fabricmc.loader.impl.game.minecraft.MinecraftGameProvider.launch(MinecraftGameProvider.java:514) ~[fabric-loader-0.18.4.jar:?]
	at net.fabricmc.loader.impl.launch.knot.Knot.launch(Knot.java:72) ~[fabric-loader-0.18.4.jar:?]
	at net.fabricmc.loader.impl.launch.knot.KnotClient.main(KnotClient.java:23) ~[fabric-loader-0.18.4.jar:?]
	at net.fabricmc.devlaunchinjector.Main.main(Main.java:86) ~[dev-launch-injector-0.2.1+build.8.jar:?]
Caused by: com.mojang.authlib.exceptions.MinecraftClientHttpException: Status: 401
	at com.mojang.authlib.minecraft.client.MinecraftClient.readInputStream(MinecraftClient.java:85) ~[authlib-4.0.43.jar:?]
	at com.mojang.authlib.minecraft.client.MinecraftClient.get(MinecraftClient.java:48) ~[authlib-4.0.43.jar:?]
	at com.mojang.authlib.yggdrasil.YggdrasilUserApiService.fetchProperties(YggdrasilUserApiService.java:129) ~[authlib-4.0.43.jar:?]
	... 9 more
[18:21:56] [Render thread/INFO] (Minecraft) Setting user: Player729
[18:21:56] [Render thread/INFO] (Minecraft) [STDOUT]: Registering Mod Blocks for jme
[18:21:56] [Render thread/INFO] (Minecraft) [STDOUT]: Registering Mod Items for jme
[18:21:56] [Render thread/INFO] (MinecraftTransitRailway) Starting Minecraft with arguments:
-Dfabric.dli.config=/home/justnoone/IdeaProjects/JMEM/.gradle/loom-cache/launch.cfg
-Dfabric.dli.env=client
-Dfabric.dli.main=net.fabricmc.loader.impl.launch.knot.KnotClient
-Dfile.encoding=UTF-8
-Duser.country=US
-Duser.language=en
-Duser.variant
[18:21:56] [Render thread/INFO] (MinecraftTransitRailway) :  __  __     _                                                __    _     
[18:21:56] [Render thread/INFO] (MinecraftTransitRailway) : |  \/  |   (_)    _ _      ___     __       _ _   __ _      / _|  | |_   
[18:21:56] [Render thread/INFO] (MinecraftTransitRailway) : | |\/| |   | |   | ' \    / -_)   / _|     | '_| / _` |    |  _|  |  _|  
[18:21:56] [Render thread/INFO] (MinecraftTransitRailway) : |_|__|_|  _|_|_  |_||_|   \___|   \__|_   _|_|_  \__,_|   _|_|_   _\__|  
[18:21:56] [Render thread/INFO] (MinecraftTransitRailway) : _|"""""|_|"""""|_|"""""|_|"""""|_|"""""|_|"""""|_|"""""|_|"""""|_|"""""| 
[18:21:56] [Render thread/INFO] (MinecraftTransitRailway) : "`-0-0-'"`-0-0-'"`-0-0-'"`-0-0-'"`-0-0-'"`-0-0-'"`-0-0-'"`-0-0-'"`-0-0-' 
[18:21:56] [Render thread/INFO] (MinecraftTransitRailway) :   _____                                     _      _                     
[18:21:56] [Render thread/INFO] (MinecraftTransitRailway) :  |_   _|    _ _   __ _    _ _      ___     (_)    | |_                   
[18:21:56] [Render thread/INFO] (MinecraftTransitRailway) :    | |     | '_| / _` |  | ' \    (_-<     | |    |  _|                  
[18:21:56] [Render thread/INFO] (MinecraftTransitRailway) :   _|_|_   _|_|_  \__,_|  |_||_|   /__/_   _|_|_   _\__|                  
[18:21:56] [Render thread/INFO] (MinecraftTransitRailway) : _|"""""|_|"""""|_|"""""|_|"""""|_|"""""|_|"""""|_|"""""|                 
[18:21:56] [Render thread/INFO] (MinecraftTransitRailway) : "`-0-0-'"`-0-0-'"`-0-0-'"`-0-0-'"`-0-0-'"`-0-0-'"`-0-0-'                 
[18:21:56] [Render thread/INFO] (MinecraftTransitRailway) :    ___              _       _                      _  _                  
[18:21:56] [Render thread/INFO] (MinecraftTransitRailway) :   | _ \   __ _     (_)     | |   __ __ __ __ _    | || |                 
[18:21:56] [Render thread/INFO] (MinecraftTransitRailway) :   |   /  / _` |    | |     | |   \ V  V // _` |    \_, |                 
[18:21:56] [Render thread/INFO] (MinecraftTransitRailway) :   |_|_\  \__,_|   _|_|_   _|_|_   \_/\_/ \__,_|   _|__/                  
[18:21:56] [Render thread/INFO] (MinecraftTransitRailway) : _|"""""|_|"""""|_|"""""|_|"""""|_|"""""|_|"""""|_| """"|                 
[18:21:56] [Render thread/INFO] (MinecraftTransitRailway) : "`-0-0-'"`-0-0-'"`-0-0-'"`-0-0-'"`-0-0-'"`-0-0-'"`-0-0-' (4.0.3+1.20.1) 
[18:21:56] [Render thread/INFO] (MinecraftTransitRailway) :                                                                          
[18:21:56] [Render thread/INFO] (MinecraftTransitRailway) Registering Minecraft Transit Railway blocks
[18:21:57] [Render thread/INFO] (MinecraftTransitRailway) Registering Minecraft Transit Railway items
[18:21:57] [Render thread/INFO] (MinecraftTransitRailway) Registering Minecraft Transit Railway block entity types
[18:21:57] [Render thread/INFO] (MinecraftTransitRailway) Registering Minecraft Transit Railway entity types
[18:21:57] [Render thread/INFO] (MinecraftTransitRailway) Registering Minecraft Transit Railway creative mode tabs
[18:21:57] [Render thread/INFO] (MinecraftTransitRailway) Registering Minecraft Transit Railway sound events
[18:21:57] [Render thread/INFO] (MinecraftMappings) Minecraft Mappings logging enabled
[18:21:57] [Render thread/INFO] (Indigo) [Indigo] Registering Indigo renderer!
[18:21:57] [Worker-Main-1/INFO] (Mod Menu/Update Checker) Checking mod updates...
[18:21:57] [Render thread/INFO] (MinecraftTransitRailway) Registering Minecraft Transit Railway key bindings
[18:21:57] [Render thread/INFO] (Minecraft) Backend library: LWJGL version 3.3.2-snapshot
[18:21:57] [Render thread/INFO] (Minecraft) [STDERR]: [LWJGL] [ThreadLocalUtil] Unsupported JNI version detected, this may result in a crash. Please inform LWJGL developers.
[18:21:58] [Render thread/INFO] (Minecraft) Reloading ResourceManager: vanilla, fabric (fabric-dimensions-v1, fabric-registry-sync-v0, fabric-lifecycle-events-v1, fabric-object-builder-api-v1, fabric-command-api-v1, fabric-api-lookup-api-v1, fabric-command-api-v2, fabric-entity-events-v1, fabric-commands-v0, fabric-loot-tables-v1, fabric-item-group-api-v1, fabric-containers-v0, fabric-rendering-v0, fabric-renderer-indigo, fabric-models-v0, fabric-block-api-v1, fabric-biome-api-v1, fabric-model-loading-api-v1, fabric-rendering-v1, fabric-events-lifecycle-v0, fabric-blockrenderlayer-v1, fabric-client-tags-api-v1, fabric-mining-level-api-v1, fabric-api-base, fabric-transfer-api-v1, fabric-screen-handler-api-v1, fabric-networking-api-v1, fabric-data-generation-api-v1, fabric-networking-v0, fabric-content-registries-v0, fabric-crash-report-info-v1, fabricloader, fabric-particles-v1, fabric-resource-loader-v0, fabric-api, fabric-resource-conditions-api-v1, fabric-screen-api-v1, fabric-sound-api-v1, modmenu, fabric-keybindings-v0, fabric-block-view-api-v2, fabric-data-attachment-api-v1, jme, fabric-rendering-data-attachment-v1, fabric-rendering-fluids-v1, fabric-recipe-api-v1, fabric-renderer-api-v1, fabric-key-binding-api-v1, fabric-renderer-registries-v1, fabric-transitive-access-wideners-v1, fabric-convention-tags-v1, fabric-message-api-v1, fabric-loot-api-v2, fabric-game-rule-api-v1, fabric-events-interaction-v0, mtr, fabric-item-api-v1, fabric-gametest-api-v1)
[18:21:59] [Worker-Main-8/INFO] (Minecraft) Found unifont_all_no_pua-15.0.06.hex, loading
[18:21:59] [Worker-Main-9/WARN] (Minecraft) File mtr:sounds/minecart/loop.ogg does not exist, cannot add it to event mtr:minecart_loop
[18:21:59] [Worker-Main-9/WARN] (Minecraft) File mtr:sounds/minecart/motor4.ogg does not exist, cannot add it to event mtr:minecart_motor4
[18:21:59] [Worker-Main-9/WARN] (Minecraft) File mtr:sounds/minecart/motor3.ogg does not exist, cannot add it to event mtr:minecart_motor3
[18:21:59] [Worker-Main-14/WARN] (Minecraft) Texture mtr:block/psd_door_bottom_right_1 with size 72x36 limits mip level from 4 to 2
[18:21:59] [Worker-Main-14/WARN] (Minecraft) minecraft:textures/atlas/blocks.png: dropping miplevel from 4 to 2, because of minimum power of two: 4
[18:21:59] [Realms Notification Availability checker #1/INFO] (Minecraft) Could not authorize you against Realms server: java.lang.RuntimeException: Failed to parse into SignedJWT: FabricMC
[18:22:03] [Render thread/WARN] (Minecraft) Missing sound for event: minecraft:item.goat_horn.play
[18:22:03] [Render thread/WARN] (Minecraft) Missing sound for event: minecraft:entity.goat.screaming.horn_break
[18:22:03] [Render thread/INFO] (Minecraft) OpenAL initialized on device Family 17h/19h HD Audio Controller Analog Stereo
[18:22:03] [Render thread/INFO] (Minecraft) Sound engine started
[18:22:03] [Render thread/INFO] (Minecraft) Created: 4096x2048x2 minecraft:textures/atlas/blocks.png-atlas
[18:22:03] [Render thread/INFO] (Minecraft) Created: 256x256x4 minecraft:textures/atlas/signs.png-atlas
[18:22:03] [Render thread/INFO] (Minecraft) Created: 512x512x4 minecraft:textures/atlas/banner_patterns.png-atlas
[18:22:03] [Render thread/INFO] (Minecraft) Created: 512x512x4 minecraft:textures/atlas/shield_patterns.png-atlas
[18:22:03] [Render thread/INFO] (Minecraft) Created: 1024x1024x4 minecraft:textures/atlas/armor_trims.png-atlas
[18:22:03] [Render thread/INFO] (Minecraft) Created: 256x256x4 minecraft:textures/atlas/chest.png-atlas
[18:22:03] [Render thread/INFO] (Minecraft) Created: 128x64x4 minecraft:textures/atlas/decorated_pot.png-atlas
[18:22:03] [Render thread/INFO] (Minecraft) Created: 512x256x4 minecraft:textures/atlas/beds.png-atlas
[18:22:03] [Render thread/INFO] (Minecraft) Created: 512x256x4 minecraft:textures/atlas/shulker_boxes.png-atlas
[18:22:03] [Render thread/WARN] (Minecraft) Shader rendertype_entity_translucent_emissive could not find sampler named Sampler2 in the specified shader program.
[18:22:04] [Render thread/INFO] (Minecraft) Created: 256x256x0 minecraft:textures/atlas/particles.png-atlas
[18:22:04] [Render thread/INFO] (Minecraft) Created: 256x256x0 minecraft:textures/atlas/paintings.png-atlas
[18:22:04] [Render thread/INFO] (Minecraft) Created: 128x128x0 minecraft:textures/atlas/mob_effects.png-atlas
[18:22:05] [Render thread/INFO] (MinecraftTransitRailway) Loaded 423 vehicles and completed door movement validation in 0.0 ms
[18:22:05] [Render thread/INFO] (MinecraftTransitRailway) Loaded 131 signs
[18:22:05] [Render thread/INFO] (MinecraftTransitRailway) Loaded 3 rails
[18:22:05] [Render thread/INFO] (MinecraftTransitRailway) Loaded 1 objects
[18:22:05] [Render thread/INFO] (MinecraftTransitRailway) Loaded 1 lifts
[18:36:44] [Worker-Main-25/ERROR] (Minecraft) Couldn't parse element loot_tables:mtr:blocks/train_cargo_unloader
com.google.gson.JsonSyntaxException: Expected name to be an item, was unknown string 'mtr:train_cargo_unloader'
	at net.minecraft.util.JsonHelper.method_17995(JsonHelper.java:145) ~[minecraft-common-71efecb94b-1.20.1-net.fabricmc.yarn.1_20_1.1.20.1+build.10-v2.jar:?]
	at java.util.Optional.orElseThrow(Optional.java:403) ~[?:?]
	at net.minecraft.util.JsonHelper.asItem(JsonHelper.java:145) ~[minecraft-common-71efecb94b-1.20.1-net.fabricmc.yarn.1_20_1.1.20.1+build.10-v2.jar:?]
	at net.minecraft.util.JsonHelper.getItem(JsonHelper.java:153) ~[minecraft-common-71efecb94b-1.20.1-net.fabricmc.yarn.1_20_1.1.20.1+build.10-v2.jar:?]
	at net.minecraft.loot.entry.ItemEntry$Serializer.fromJson(ItemEntry.java:55) ~[minecraft-common-71efecb94b-1.20.1-net.fabricmc.yarn.1_20_1.1.20.1+build.10-v2.jar:?]
	at net.minecraft.loot.entry.ItemEntry$Serializer.fromJson(ItemEntry.java:40) ~[minecraft-common-71efecb94b-1.20.1-net.fabricmc.yarn.1_20_1.1.20.1+build.10-v2.jar:?]
	at net.minecraft.loot.entry.LeafEntry$Serializer.fromJson(LeafEntry.java:151) ~[minecraft-common-71efecb94b-1.20.1-net.fabricmc.yarn.1_20_1.1.20.1+build.10-v2.jar:?]
	at net.minecraft.loot.entry.LeafEntry$Serializer.fromJson(LeafEntry.java:129) ~[minecraft-common-71efecb94b-1.20.1-net.fabricmc.yarn.1_20_1.1.20.1+build.10-v2.jar:?]
	at net.minecraft.loot.entry.LootPoolEntry$Serializer.fromJson(LootPoolEntry.java:86) ~[minecraft-common-71efecb94b-1.20.1-net.fabricmc.yarn.1_20_1.1.20.1+build.10-v2.jar:?]
	at net.minecraft.loot.entry.LootPoolEntry$Serializer.fromJson(LootPoolEntry.java:74) ~[minecraft-common-71efecb94b-1.20.1-net.fabricmc.yarn.1_20_1.1.20.1+build.10-v2.jar:?]
	at net.minecraft.util.JsonSerializing$GsonSerializer.deserialize(JsonSerializing.java:102) ~[minecraft-common-71efecb94b-1.20.1-net.fabricmc.yarn.1_20_1.1.20.1+build.10-v2.jar:?]
	at com.google.gson.internal.bind.TreeTypeAdapter.read(TreeTypeAdapter.java:76) ~[gson-2.10.jar:?]
	at com.google.gson.internal.bind.TypeAdapterRuntimeTypeWrapper.read(TypeAdapterRuntimeTypeWrapper.java:40) ~[gson-2.10.jar:?]
	at com.google.gson.internal.bind.ArrayTypeAdapter.read(ArrayTypeAdapter.java:72) ~[gson-2.10.jar:?]
	at com.google.gson.Gson.fromJson(Gson.java:1214) ~[gson-2.10.jar:?]
	at com.google.gson.Gson.fromJson(Gson.java:1319) ~[gson-2.10.jar:?]
	at com.google.gson.Gson.fromJson(Gson.java:1290) ~[gson-2.10.jar:?]
	at com.google.gson.internal.bind.TreeTypeAdapter$GsonContextImpl.deserialize(TreeTypeAdapter.java:179) ~[gson-2.10.jar:?]
	at net.minecraft.util.JsonHelper.deserialize(JsonHelper.java:463) ~[minecraft-common-71efecb94b-1.20.1-net.fabricmc.yarn.1_20_1.1.20.1+build.10-v2.jar:?]
	at net.minecraft.util.JsonHelper.deserialize(JsonHelper.java:471) ~[minecraft-common-71efecb94b-1.20.1-net.fabricmc.yarn.1_20_1.1.20.1+build.10-v2.jar:?]
	at net.minecraft.loot.LootPool$Serializer.deserialize(LootPool.java:173) ~[minecraft-common-71efecb94b-1.20.1-net.fabricmc.yarn.1_20_1.1.20.1+build.10-v2.jar:?]
	at net.minecraft.loot.LootPool$Serializer.deserialize(LootPool.java:169) ~[minecraft-common-71efecb94b-1.20.1-net.fabricmc.yarn.1_20_1.1.20.1+build.10-v2.jar:?]
	at com.google.gson.internal.bind.TreeTypeAdapter.read(TreeTypeAdapter.java:76) ~[gson-2.10.jar:?]
	at com.google.gson.internal.bind.TypeAdapterRuntimeTypeWrapper.read(TypeAdapterRuntimeTypeWrapper.java:40) ~[gson-2.10.jar:?]
	at com.google.gson.internal.bind.ArrayTypeAdapter.read(ArrayTypeAdapter.java:72) ~[gson-2.10.jar:?]
	at com.google.gson.Gson.fromJson(Gson.java:1214) ~[gson-2.10.jar:?]
	at com.google.gson.Gson.fromJson(Gson.java:1319) ~[gson-2.10.jar:?]
	at com.google.gson.Gson.fromJson(Gson.java:1290) ~[gson-2.10.jar:?]
	at com.google.gson.internal.bind.TreeTypeAdapter$GsonContextImpl.deserialize(TreeTypeAdapter.java:179) ~[gson-2.10.jar:?]
	at net.minecraft.util.JsonHelper.deserialize(JsonHelper.java:463) ~[minecraft-common-71efecb94b-1.20.1-net.fabricmc.yarn.1_20_1.1.20.1+build.10-v2.jar:?]
	at net.minecraft.util.JsonHelper.deserialize(JsonHelper.java:481) ~[minecraft-common-71efecb94b-1.20.1-net.fabricmc.yarn.1_20_1.1.20.1+build.10-v2.jar:?]
	at net.minecraft.loot.LootTable$Serializer.deserialize(LootTable.java:250) ~[minecraft-common-71efecb94b-1.20.1-net.fabricmc.yarn.1_20_1.1.20.1+build.10-v2.jar:?]
	at net.minecraft.loot.LootTable$Serializer.deserialize(LootTable.java:246) ~[minecraft-common-71efecb94b-1.20.1-net.fabricmc.yarn.1_20_1.1.20.1+build.10-v2.jar:?]
	at com.google.gson.internal.bind.TreeTypeAdapter.read(TreeTypeAdapter.java:76) ~[gson-2.10.jar:?]
	at com.google.gson.Gson.fromJson(Gson.java:1214) ~[gson-2.10.jar:?]
	at com.google.gson.Gson.fromJson(Gson.java:1319) ~[gson-2.10.jar:?]
	at com.google.gson.Gson.fromJson(Gson.java:1261) ~[gson-2.10.jar:?]
	at net.minecraft.loot.LootDataType.method_51205(LootDataType.java:64) ~[minecraft-common-71efecb94b-1.20.1-net.fabricmc.yarn.1_20_1.1.20.1+build.10-v2.jar:?]
	at net.minecraft.loot.LootDataType.parse(LootDataType.java:48) ~[minecraft-common-71efecb94b-1.20.1-net.fabricmc.yarn.1_20_1.1.20.1+build.10-v2.jar:?]
	at net.minecraft.loot.LootManager.method_51195(LootManager.java:55) ~[minecraft-common-71efecb94b-1.20.1-net.fabricmc.yarn.1_20_1.1.20.1+build.10-v2.jar:?]
	at java.util.HashMap.forEach(HashMap.java:1429) ~[?:?]
	at net.minecraft.loot.LootManager.method_51189(LootManager.java:55) ~[minecraft-common-71efecb94b-1.20.1-net.fabricmc.yarn.1_20_1.1.20.1+build.10-v2.jar:?]
	at java.util.concurrent.CompletableFuture$AsyncRun.run(CompletableFuture.java:1804) ~[?:?]
	at java.util.concurrent.CompletableFuture$AsyncRun.exec(CompletableFuture.java:1796) ~[?:?]
	at java.util.concurrent.ForkJoinTask.doExec(ForkJoinTask.java:387) ~[?:?]
	at java.util.concurrent.ForkJoinPool$WorkQueue.topLevelExec(ForkJoinPool.java:1312) ~[?:?]
	at java.util.concurrent.ForkJoinPool.scan(ForkJoinPool.java:1843) ~[?:?]
	at java.util.concurrent.ForkJoinPool.runWorker(ForkJoinPool.java:1808) ~[?:?]
	at java.util.concurrent.ForkJoinWorkerThread.run(ForkJoinWorkerThread.java:188) ~[?:?]
[18:36:44] [Worker-Main-25/ERROR] (Minecraft) Couldn't parse element loot_tables:mtr:blocks/train_cargo_loader
com.google.gson.JsonSyntaxException: Expected name to be an item, was unknown string 'mtr:train_cargo_loader'
	at net.minecraft.util.JsonHelper.method_17995(JsonHelper.java:145) ~[minecraft-common-71efecb94b-1.20.1-net.fabricmc.yarn.1_20_1.1.20.1+build.10-v2.jar:?]
	at java.util.Optional.orElseThrow(Optional.java:403) ~[?:?]
	at net.minecraft.util.JsonHelper.asItem(JsonHelper.java:145) ~[minecraft-common-71efecb94b-1.20.1-net.fabricmc.yarn.1_20_1.1.20.1+build.10-v2.jar:?]
	at net.minecraft.util.JsonHelper.getItem(JsonHelper.java:153) ~[minecraft-common-71efecb94b-1.20.1-net.fabricmc.yarn.1_20_1.1.20.1+build.10-v2.jar:?]
	at net.minecraft.loot.entry.ItemEntry$Serializer.fromJson(ItemEntry.java:55) ~[minecraft-common-71efecb94b-1.20.1-net.fabricmc.yarn.1_20_1.1.20.1+build.10-v2.jar:?]
	at net.minecraft.loot.entry.ItemEntry$Serializer.fromJson(ItemEntry.java:40) ~[minecraft-common-71efecb94b-1.20.1-net.fabricmc.yarn.1_20_1.1.20.1+build.10-v2.jar:?]
	at net.minecraft.loot.entry.LeafEntry$Serializer.fromJson(LeafEntry.java:151) ~[minecraft-common-71efecb94b-1.20.1-net.fabricmc.yarn.1_20_1.1.20.1+build.10-v2.jar:?]
	at net.minecraft.loot.entry.LeafEntry$Serializer.fromJson(LeafEntry.java:129) ~[minecraft-common-71efecb94b-1.20.1-net.fabricmc.yarn.1_20_1.1.20.1+build.10-v2.jar:?]
	at net.minecraft.loot.entry.LootPoolEntry$Serializer.fromJson(LootPoolEntry.java:86) ~[minecraft-common-71efecb94b-1.20.1-net.fabricmc.yarn.1_20_1.1.20.1+build.10-v2.jar:?]
	at net.minecraft.loot.entry.LootPoolEntry$Serializer.fromJson(LootPoolEntry.java:74) ~[minecraft-common-71efecb94b-1.20.1-net.fabricmc.yarn.1_20_1.1.20.1+build.10-v2.jar:?]
	at net.minecraft.util.JsonSerializing$GsonSerializer.deserialize(JsonSerializing.java:102) ~[minecraft-common-71efecb94b-1.20.1-net.fabricmc.yarn.1_20_1.1.20.1+build.10-v2.jar:?]
	at com.google.gson.internal.bind.TreeTypeAdapter.read(TreeTypeAdapter.java:76) ~[gson-2.10.jar:?]
	at com.google.gson.internal.bind.TypeAdapterRuntimeTypeWrapper.read(TypeAdapterRuntimeTypeWrapper.java:40) ~[gson-2.10.jar:?]
	at com.google.gson.internal.bind.ArrayTypeAdapter.read(ArrayTypeAdapter.java:72) ~[gson-2.10.jar:?]
	at com.google.gson.Gson.fromJson(Gson.java:1214) ~[gson-2.10.jar:?]
	at com.google.gson.Gson.fromJson(Gson.java:1319) ~[gson-2.10.jar:?]
	at com.google.gson.Gson.fromJson(Gson.java:1290) ~[gson-2.10.jar:?]
	at com.google.gson.internal.bind.TreeTypeAdapter$GsonContextImpl.deserialize(TreeTypeAdapter.java:179) ~[gson-2.10.jar:?]
	at net.minecraft.util.JsonHelper.deserialize(JsonHelper.java:463) ~[minecraft-common-71efecb94b-1.20.1-net.fabricmc.yarn.1_20_1.1.20.1+build.10-v2.jar:?]
	at net.minecraft.util.JsonHelper.deserialize(JsonHelper.java:471) ~[minecraft-common-71efecb94b-1.20.1-net.fabricmc.yarn.1_20_1.1.20.1+build.10-v2.jar:?]
	at net.minecraft.loot.LootPool$Serializer.deserialize(LootPool.java:173) ~[minecraft-common-71efecb94b-1.20.1-net.fabricmc.yarn.1_20_1.1.20.1+build.10-v2.jar:?]
	at net.minecraft.loot.LootPool$Serializer.deserialize(LootPool.java:169) ~[minecraft-common-71efecb94b-1.20.1-net.fabricmc.yarn.1_20_1.1.20.1+build.10-v2.jar:?]
	at com.google.gson.internal.bind.TreeTypeAdapter.read(TreeTypeAdapter.java:76) ~[gson-2.10.jar:?]
	at com.google.gson.internal.bind.TypeAdapterRuntimeTypeWrapper.read(TypeAdapterRuntimeTypeWrapper.java:40) ~[gson-2.10.jar:?]
	at com.google.gson.internal.bind.ArrayTypeAdapter.read(ArrayTypeAdapter.java:72) ~[gson-2.10.jar:?]
	at com.google.gson.Gson.fromJson(Gson.java:1214) ~[gson-2.10.jar:?]
	at com.google.gson.Gson.fromJson(Gson.java:1319) ~[gson-2.10.jar:?]
	at com.google.gson.Gson.fromJson(Gson.java:1290) ~[gson-2.10.jar:?]
	at com.google.gson.internal.bind.TreeTypeAdapter$GsonContextImpl.deserialize(TreeTypeAdapter.java:179) ~[gson-2.10.jar:?]
	at net.minecraft.util.JsonHelper.deserialize(JsonHelper.java:463) ~[minecraft-common-71efecb94b-1.20.1-net.fabricmc.yarn.1_20_1.1.20.1+build.10-v2.jar:?]
	at net.minecraft.util.JsonHelper.deserialize(JsonHelper.java:481) ~[minecraft-common-71efecb94b-1.20.1-net.fabricmc.yarn.1_20_1.1.20.1+build.10-v2.jar:?]
	at net.minecraft.loot.LootTable$Serializer.deserialize(LootTable.java:250) ~[minecraft-common-71efecb94b-1.20.1-net.fabricmc.yarn.1_20_1.1.20.1+build.10-v2.jar:?]
	at net.minecraft.loot.LootTable$Serializer.deserialize(LootTable.java:246) ~[minecraft-common-71efecb94b-1.20.1-net.fabricmc.yarn.1_20_1.1.20.1+build.10-v2.jar:?]
	at com.google.gson.internal.bind.TreeTypeAdapter.read(TreeTypeAdapter.java:76) ~[gson-2.10.jar:?]
	at com.google.gson.Gson.fromJson(Gson.java:1214) ~[gson-2.10.jar:?]
	at com.google.gson.Gson.fromJson(Gson.java:1319) ~[gson-2.10.jar:?]
	at com.google.gson.Gson.fromJson(Gson.java:1261) ~[gson-2.10.jar:?]
	at net.minecraft.loot.LootDataType.method_51205(LootDataType.java:64) ~[minecraft-common-71efecb94b-1.20.1-net.fabricmc.yarn.1_20_1.1.20.1+build.10-v2.jar:?]
	at net.minecraft.loot.LootDataType.parse(LootDataType.java:48) ~[minecraft-common-71efecb94b-1.20.1-net.fabricmc.yarn.1_20_1.1.20.1+build.10-v2.jar:?]
	at net.minecraft.loot.LootManager.method_51195(LootManager.java:55) ~[minecraft-common-71efecb94b-1.20.1-net.fabricmc.yarn.1_20_1.1.20.1+build.10-v2.jar:?]
	at java.util.HashMap.forEach(HashMap.java:1429) ~[?:?]
	at net.minecraft.loot.LootManager.method_51189(LootManager.java:55) ~[minecraft-common-71efecb94b-1.20.1-net.fabricmc.yarn.1_20_1.1.20.1+build.10-v2.jar:?]
	at java.util.concurrent.CompletableFuture$AsyncRun.run(CompletableFuture.java:1804) ~[?:?]
	at java.util.concurrent.CompletableFuture$AsyncRun.exec(CompletableFuture.java:1796) ~[?:?]
	at java.util.concurrent.ForkJoinTask.doExec(ForkJoinTask.java:387) ~[?:?]
	at java.util.concurrent.ForkJoinPool$WorkQueue.topLevelExec(ForkJoinPool.java:1312) ~[?:?]
	at java.util.concurrent.ForkJoinPool.scan(ForkJoinPool.java:1843) ~[?:?]
	at java.util.concurrent.ForkJoinPool.runWorker(ForkJoinPool.java:1808) ~[?:?]
	at java.util.concurrent.ForkJoinWorkerThread.run(ForkJoinWorkerThread.java:188) ~[?:?]
[18:36:44] [Render thread/INFO] (Minecraft) Loaded 7 recipes
[18:36:44] [Render thread/INFO] (Minecraft) Loaded 1271 advancements
[18:36:46] [Render thread/INFO] (BiomeModificationImpl) Applied 0 biome modifications to 0 of 64 new biomes in 1.462 ms
[18:36:46] [Server thread/INFO] (Minecraft) Starting integrated minecraft server version 1.20.1
[18:36:46] [Server thread/INFO] (Minecraft) Generating keypair
[18:36:46] [Server thread/INFO] (Minecraft) Preparing start region for dimension minecraft:overworld
[18:36:48] [Render thread/INFO] (Minecraft) Preparing spawn area: 0%
[18:36:48] [Render thread/INFO] (Minecraft) Preparing spawn area: 0%
[18:36:48] [Render thread/INFO] (Minecraft) Preparing spawn area: 0%
[18:36:48] [Render thread/INFO] (Minecraft) Preparing spawn area: 0%
[18:36:48] [Render thread/INFO] (Minecraft) Preparing spawn area: 18%
[18:36:49] [Render thread/INFO] (Minecraft) Time elapsed: 2417 ms
[18:36:49] [Server thread/INFO] (MinecraftTransitRailway) Found available port: 8888
[18:36:49] [Server thread/INFO] (TransportSimulationCore) Loading files...
[18:36:49] [Server thread/INFO] (TransportSimulationCore) Data loading complete for minecraft/overworld in 0.12 second(s)
[18:36:49] [Server thread/INFO] (TransportSimulationCore) Data loading complete for minecraft/the_nether in 0.001 second(s)
[18:36:49] [Server thread/INFO] (TransportSimulationCore) Data loading complete for minecraft/the_end in 0.001 second(s)
[18:36:49] [Server thread/INFO] (log) Logging initialized @905097ms to org.mtr.libraries.org.eclipse.jetty.util.log.Slf4jLog
[18:36:49] [Server thread/INFO] (Server) jetty-9.4.54.v20240208; built: 2024-02-08T19:42:39.027Z; git: cef3fbd6d736a21e7d541a5db490381d95a2047d; jvm 21.0.10+7-LTS
[18:36:49] [Server thread/INFO] (ContextHandler) Started o.m.l.o.e.j.s.ServletContextHandler@606c8d73{/,null,AVAILABLE}
[18:36:49] [Server thread/INFO] (AbstractConnector) Started ServerConnector@4bb97b8{HTTP/1.1, (http/1.1)}{0.0.0.0:8888}
[18:36:49] [Server thread/INFO] (Server) Started @905248ms
[18:36:49] [Server thread/INFO] (TransportSimulationCore) Server started with dimensions [minecraft/overworld, minecraft/the_nether, minecraft/the_end]
[18:36:49] [Server thread/INFO] (MinecraftTransitRailway) Starting server as a non-dedicated server
[18:36:49] [Server thread/INFO] (TransportSimulationCore) Simulation difference of 1h2m for minecraft/overworld caught up with 3601 ticks in 0.108 second(s)
[18:36:49] [Server thread/INFO] (TransportSimulationCore) Simulation difference of 1h2m for minecraft/the_nether caught up with 3601 ticks in 0.003 second(s)
[18:36:49] [Server thread/INFO] (TransportSimulationCore) Simulation difference of 1h2m for minecraft/the_end caught up with 3601 ticks in 0.003 second(s)
[18:36:49] [Server thread/INFO] (Minecraft) Changing view distance to 11, from 10
[18:36:49] [Server thread/INFO] (Minecraft) Changing simulation distance to 12, from 0
[18:36:50] [Server thread/INFO] (Minecraft) Player729[local:E:e457e323] logged in with entity id 27 at (-10.40657531454508, -41.0, -66.26187468390731)
[18:36:50] [Server thread/INFO] (Minecraft) Player729 joined the game
[18:36:50] [Render thread/INFO] (MinecraftTransitRailway) Open the Transport System Map at http://localhost:8888
[18:36:50] [Render thread/INFO] (MinecraftTransitRailway) Open the Resource Pack Creator at http://localhost:8888/creator/
[18:36:50] [Render thread/INFO] (Minecraft) Loaded 2 advancements
[18:38:18] [Render thread/INFO] (Minecraft) [System] [CHAT] Saved screenshot as 2026-02-21_18.38.18.png
[18:38:19] [Server thread/INFO] (TransportSimulationCore) - Changed sidings: 1
[18:38:19] [Server thread/INFO] (TransportSimulationCore) Save complete for minecraft/overworld in 0.002 second(s)
[18:38:21] [Render thread/INFO] (Minecraft) [System] [CHAT] Saved screenshot as 2026-02-21_18.38.21.png
